<?xml version="1.0" encoding="UTF-8"?>
<TestRun id="cbef29a3-79ea-495b-b791-368c8185e77f" name="Alberto@ALBERTO-PC 2011-06-15 23:14:15" runUser="Alberto-PC\Alberto" xmlns="http://microsoft.com/schemas/VisualStudio/TeamTest/2010">
  <TestSettings name="Local" id="4a4c0338-46f7-45f6-a07a-14435562145d">
    <Description>These are default test settings for a local test run.</Description>
    <Deployment enabled="false" runDeploymentRoot="Alberto_ALBERTO-PC 2011-06-15 23_14_15">
      <DeploymentItem filename="C:\ProjetosGit\DynamicExpressionBuilder\DynamicExpressionBuilder\DynamicExpressionBuilder\bin\Debug\DynamicExpressionBuilder.dll" />
    </Deployment>
    <Execution>
      <TestTypeSpecific />
      <AgentRule name="Execution Agents">
      </AgentRule>
    </Execution>
  </TestSettings>
  <Times creation="2011-06-15T23:14:15.9134600-03:00" queuing="2011-06-15T23:14:16.0014650-03:00" start="2011-06-15T23:14:16.0214662-03:00" finish="2011-06-15T23:14:18.6346156-03:00" />
  <ResultSummary outcome="Completed">
    <Counters total="1" executed="1" passed="1" error="0" failed="0" timeout="0" aborted="0" inconclusive="0" passedButRunAborted="0" notRunnable="0" notExecuted="0" disconnected="0" warning="0" completed="0" inProgress="0" pending="0" />
  </ResultSummary>
  <TestDefinitions>
    <UnitTest name="ShouldBeEqualsWithChainedWheres" storage="c:\projetosgit\dynamicexpressionbuilder\dynamicexpressionbuilder\dynamicexpressionbuildertest\bin\debug\dynamicexpressionbuildertest.dll" id="a091c62d-cbd8-20bf-38ee-4c2e0c08d4f7">
      <Execution id="960d1fe7-c72f-46be-bb39-1c03ce03c9ab" />
      <TestMethod codeBase="C:/ProjetosGit/DynamicExpressionBuilder/DynamicExpressionBuilder/DynamicExpressionBuilderTest/bin/Debug/DynamicExpressionBuilderTest.DLL" adapterTypeName="Microsoft.VisualStudio.TestTools.TestTypes.Unit.UnitTestAdapter, Microsoft.VisualStudio.QualityTools.Tips.UnitTest.Adapter, Version=10.0.0.0, Culture=neutral, PublicKeyToken=b03f5f7f11d50a3a" className="DynamicExpressionBuilderTest.FilterExpressionTest, DynamicExpressionBuilderTest, Version=1.0.0.0, Culture=neutral, PublicKeyToken=null" name="ShouldBeEqualsWithChainedWheres" />
    </UnitTest>
  </TestDefinitions>
  <TestLists>
    <TestList name="Results Not in a List" id="8c84fa94-04c1-424b-9868-57a2d4851a1d" />
    <TestList name="All Loaded Results" id="19431567-8539-422a-85d7-44ee4e166bda" />
  </TestLists>
  <TestEntries>
    <TestEntry testId="a091c62d-cbd8-20bf-38ee-4c2e0c08d4f7" executionId="960d1fe7-c72f-46be-bb39-1c03ce03c9ab" testListId="8c84fa94-04c1-424b-9868-57a2d4851a1d" />
  </TestEntries>
  <Results>
    <UnitTestResult executionId="960d1fe7-c72f-46be-bb39-1c03ce03c9ab" testId="a091c62d-cbd8-20bf-38ee-4c2e0c08d4f7" testName="ShouldBeEqualsWithChainedWheres" computerName="ALBERTO-PC" duration="00:00:02.2202314" startTime="2011-06-15T23:14:16.0344669-03:00" endTime="2011-06-15T23:14:18.5556111-03:00" testType="13cdc9d9-ddb5-4fa4-a97d-d965ccfc6d4b" outcome="Passed" testListId="8c84fa94-04c1-424b-9868-57a2d4851a1d" relativeResultsDirectory="960d1fe7-c72f-46be-bb39-1c03ce03c9ab">
    </UnitTestResult>
  </Results>
</TestRun>