<?xml version="1.0" encoding="UTF-8"?>
<TestRun id="89d0aa53-1b0b-45f6-ba5c-60d3f36be296" name="Alberto@ALBERTO-PC 2011-06-15 23:13:56" runUser="Alberto-PC\Alberto" xmlns="http://microsoft.com/schemas/VisualStudio/TeamTest/2010">
  <TestSettings name="Local" id="4a4c0338-46f7-45f6-a07a-14435562145d">
    <Description>These are default test settings for a local test run.</Description>
    <Deployment enabled="false" runDeploymentRoot="Alberto_ALBERTO-PC 2011-06-15 23_13_56">
      <DeploymentItem filename="C:\ProjetosGit\DynamicExpressionBuilder\DynamicExpressionBuilder\DynamicExpressionBuilder\bin\Debug\DynamicExpressionBuilder.dll" />
    </Deployment>
    <Execution>
      <TestTypeSpecific />
      <AgentRule name="Execution Agents">
      </AgentRule>
    </Execution>
  </TestSettings>
  <Times creation="2011-06-15T23:13:56.1083272-03:00" queuing="2011-06-15T23:13:56.1963323-03:00" start="2011-06-15T23:13:56.2193336-03:00" finish="2011-06-15T23:13:59.3735140-03:00" />
  <ResultSummary outcome="Failed">
    <Counters total="1" executed="1" error="0" failed="1" timeout="0" aborted="0" inconclusive="0" passedButRunAborted="0" notRunnable="0" notExecuted="0" disconnected="0" warning="0" passed="0" completed="0" inProgress="0" pending="0" />
  </ResultSummary>
  <TestDefinitions>
    <UnitTest name="ShouldBeEqualsWithChainedWheres" storage="c:\projetosgit\dynamicexpressionbuilder\dynamicexpressionbuilder\dynamicexpressionbuildertest\bin\debug\dynamicexpressionbuildertest.dll" id="a091c62d-cbd8-20bf-38ee-4c2e0c08d4f7">
      <Execution id="32e31b20-b14e-47eb-8ef0-bd57c5a70ef4" />
      <TestMethod codeBase="C:/ProjetosGit/DynamicExpressionBuilder/DynamicExpressionBuilder/DynamicExpressionBuilderTest/bin/Debug/DynamicExpressionBuilderTest.DLL" adapterTypeName="Microsoft.VisualStudio.TestTools.TestTypes.Unit.UnitTestAdapter, Microsoft.VisualStudio.QualityTools.Tips.UnitTest.Adapter, Version=10.0.0.0, Culture=neutral, PublicKeyToken=b03f5f7f11d50a3a" className="DynamicExpressionBuilderTest.FilterExpressionTest, DynamicExpressionBuilderTest, Version=1.0.0.0, Culture=neutral, PublicKeyToken=null" name="ShouldBeEqualsWithChainedWheres" />
    </UnitTest>
  </TestDefinitions>
  <TestLists>
    <TestList name="Results Not in a List" id="8c84fa94-04c1-424b-9868-57a2d4851a1d" />
    <TestList name="All Loaded Results" id="19431567-8539-422a-85d7-44ee4e166bda" />
  </TestLists>
  <TestEntries>
    <TestEntry testId="a091c62d-cbd8-20bf-38ee-4c2e0c08d4f7" executionId="32e31b20-b14e-47eb-8ef0-bd57c5a70ef4" testListId="8c84fa94-04c1-424b-9868-57a2d4851a1d" />
  </TestEntries>
  <Results>
    <UnitTestResult executionId="32e31b20-b14e-47eb-8ef0-bd57c5a70ef4" testId="a091c62d-cbd8-20bf-38ee-4c2e0c08d4f7" testName="ShouldBeEqualsWithChainedWheres" computerName="ALBERTO-PC" duration="00:00:02.5157983" startTime="2011-06-15T23:13:56.2673363-03:00" endTime="2011-06-15T23:13:59.0984982-03:00" testType="13cdc9d9-ddb5-4fa4-a97d-d965ccfc6d4b" outcome="Failed" testListId="8c84fa94-04c1-424b-9868-57a2d4851a1d" relativeResultsDirectory="32e31b20-b14e-47eb-8ef0-bd57c5a70ef4">
      <Output>
        <ErrorInfo>
          <Message>Assert.AreEqual failed. Expected:&lt;System.Linq.Enumerable+WhereListIterator`1[DynamicExpressionBuilderTest.Person]&gt;. Actual:&lt;System.Linq.Enumerable+WhereListIterator`1[DynamicExpressionBuilderTest.Person]&gt;. </Message>
          <StackTrace>   em DynamicExpressionBuilderTest.FilterExpressionTest.ShouldBeEqualsWithChainedWheres() na C:\ProjetosGit\DynamicExpressionBuilder\DynamicExpressionBuilder\DynamicExpressionBuilderTest\FilterExpressionTest.cs:linha 68
</StackTrace>
        </ErrorInfo>
      </Output>
    </UnitTestResult>
  </Results>
</TestRun>