<?xml version="1.0" encoding="UTF-8"?>
<TestRun id="a177fa48-6135-42bf-bbce-d7cb71ae6f3d" name="Alberto@ALBERTO-PC 2011-06-16 07:52:50" runUser="Alberto-PC\Alberto" xmlns="http://microsoft.com/schemas/VisualStudio/TeamTest/2010">
  <TestSettings name="Local" id="4a4c0338-46f7-45f6-a07a-14435562145d">
    <Description>These are default test settings for a local test run.</Description>
    <Deployment enabled="false" runDeploymentRoot="Alberto_ALBERTO-PC 2011-06-16 07_52_50">
      <DeploymentItem filename="C:\ProjetosGit\DynamicExpressionBuilder\DynamicExpressionBuilder\DynamicExpressionBuilder\bin\Debug\DynamicExpressionBuilder.dll" />
    </Deployment>
    <Execution>
      <TestTypeSpecific />
      <AgentRule name="Execution Agents">
      </AgentRule>
    </Execution>
  </TestSettings>
  <Times creation="2011-06-16T07:52:50.6179218-03:00" queuing="2011-06-16T07:52:53.0130588-03:00" start="2011-06-16T07:52:53.3310770-03:00" finish="2011-06-16T07:53:01.8085618-03:00" />
  <ResultSummary outcome="Error">
    <Counters total="1" executed="1" error="0" failed="0" timeout="0" aborted="1" inconclusive="0" passedButRunAborted="0" notRunnable="0" notExecuted="0" disconnected="0" warning="0" passed="0" completed="0" inProgress="0" pending="0" />
    <RunInfos>
      <RunInfo computerName="ALBERTO-PC" outcome="Error" timestamp="2011-06-16T07:53:01.8035616-03:00">
        <Text>Test host process exited unexpectedly.</Text>
      </RunInfo>
    </RunInfos>
  </ResultSummary>
  <TestDefinitions>
    <UnitTest name="ShouldBeFast" storage="c:\projetosgit\dynamicexpressionbuilder\dynamicexpressionbuilder\dynamicexpressionbuildertest\bin\debug\dynamicexpressionbuildertest.dll" id="b811aea2-ddd9-0281-69a5-a60da703395d">
      <Execution id="f452125b-49d0-4b2c-8012-c43bad5e3b00" />
      <TestMethod codeBase="C:/ProjetosGit/DynamicExpressionBuilder/DynamicExpressionBuilder/DynamicExpressionBuilderTest/bin/Debug/DynamicExpressionBuilderTest.DLL" adapterTypeName="Microsoft.VisualStudio.TestTools.TestTypes.Unit.UnitTestAdapter, Microsoft.VisualStudio.QualityTools.Tips.UnitTest.Adapter, Version=10.0.0.0, Culture=neutral, PublicKeyToken=b03f5f7f11d50a3a" className="DynamicExpressionBuilderTest.FilterExpressionTest, DynamicExpressionBuilderTest, Version=1.0.0.0, Culture=neutral, PublicKeyToken=null" name="ShouldBeFast" />
    </UnitTest>
  </TestDefinitions>
  <TestLists>
    <TestList name="Results Not in a List" id="8c84fa94-04c1-424b-9868-57a2d4851a1d" />
    <TestList name="All Loaded Results" id="19431567-8539-422a-85d7-44ee4e166bda" />
  </TestLists>
  <TestEntries>
    <TestEntry testId="b811aea2-ddd9-0281-69a5-a60da703395d" executionId="f452125b-49d0-4b2c-8012-c43bad5e3b00" testListId="8c84fa94-04c1-424b-9868-57a2d4851a1d" />
  </TestEntries>
  <Results>
    <UnitTestResult executionId="f452125b-49d0-4b2c-8012-c43bad5e3b00" testId="b811aea2-ddd9-0281-69a5-a60da703395d" testName="ShouldBeFast" computerName="ALBERTO-PC" duration="00:00:08.2294707" startTime="2011-06-16T07:52:53.5790911-03:00" endTime="2011-06-16T07:53:01.8085618-03:00" testType="13cdc9d9-ddb5-4fa4-a97d-d965ccfc6d4b" outcome="Aborted" testListId="8c84fa94-04c1-424b-9868-57a2d4851a1d" relativeResultsDirectory="f452125b-49d0-4b2c-8012-c43bad5e3b00">
    </UnitTestResult>
  </Results>
</TestRun>