<?xml version="1.0" encoding="UTF-8"?>
<TestRun id="36663398-11ea-466b-9462-bac17f362609" name="Alberto@ALBERTO-PC 2011-06-15 23:08:53" runUser="Alberto-PC\Alberto" xmlns="http://microsoft.com/schemas/VisualStudio/TeamTest/2010">
  <TestSettings name="Local" id="4a4c0338-46f7-45f6-a07a-14435562145d">
    <Description>These are default test settings for a local test run.</Description>
    <Deployment enabled="false" runDeploymentRoot="Alberto_ALBERTO-PC 2011-06-15 23_08_53">
      <DeploymentItem filename="C:\ProjetosGit\DynamicExpressionBuilder\DynamicExpressionBuilder\DynamicExpressionBuilder\bin\Debug\DynamicExpressionBuilder.dll" />
    </Deployment>
    <Execution>
      <TestTypeSpecific />
      <AgentRule name="Execution Agents">
      </AgentRule>
    </Execution>
  </TestSettings>
  <Times creation="2011-06-15T23:08:53.7320323-03:00" queuing="2011-06-15T23:08:54.0530506-03:00" start="2011-06-15T23:08:54.1320552-03:00" finish="2011-06-15T23:08:56.4531879-03:00" />
  <ResultSummary outcome="Completed">
    <Counters total="1" executed="1" passed="1" error="0" failed="0" timeout="0" aborted="0" inconclusive="0" passedButRunAborted="0" notRunnable="0" notExecuted="0" disconnected="0" warning="0" completed="0" inProgress="0" pending="0" />
  </ResultSummary>
  <TestDefinitions>
    <UnitTest name="ShouldBeFasterThanChainedWheres" storage="c:\projetosgit\dynamicexpressionbuilder\dynamicexpressionbuilder\dynamicexpressionbuildertest\bin\debug\dynamicexpressionbuildertest.dll" id="36d39790-ed17-debb-38ee-b7183925febe">
      <Execution id="d23077db-e34c-4e00-8c80-cfa61e30d95c" />
      <TestMethod codeBase="C:/ProjetosGit/DynamicExpressionBuilder/DynamicExpressionBuilder/DynamicExpressionBuilderTest/bin/Debug/DynamicExpressionBuilderTest.DLL" adapterTypeName="Microsoft.VisualStudio.TestTools.TestTypes.Unit.UnitTestAdapter, Microsoft.VisualStudio.QualityTools.Tips.UnitTest.Adapter, Version=10.0.0.0, Culture=neutral, PublicKeyToken=b03f5f7f11d50a3a" className="DynamicExpressionBuilderTest.FilterExpressionTest, DynamicExpressionBuilderTest, Version=1.0.0.0, Culture=neutral, PublicKeyToken=null" name="ShouldBeFasterThanChainedWheres" />
    </UnitTest>
  </TestDefinitions>
  <TestLists>
    <TestList name="Results Not in a List" id="8c84fa94-04c1-424b-9868-57a2d4851a1d" />
    <TestList name="All Loaded Results" id="19431567-8539-422a-85d7-44ee4e166bda" />
  </TestLists>
  <TestEntries>
    <TestEntry testId="36d39790-ed17-debb-38ee-b7183925febe" executionId="d23077db-e34c-4e00-8c80-cfa61e30d95c" testListId="8c84fa94-04c1-424b-9868-57a2d4851a1d" />
  </TestEntries>
  <Results>
    <UnitTestResult executionId="d23077db-e34c-4e00-8c80-cfa61e30d95c" testId="36d39790-ed17-debb-38ee-b7183925febe" testName="ShouldBeFasterThanChainedWheres" computerName="ALBERTO-PC" duration="00:00:01.5152123" startTime="2011-06-15T23:08:54.1690573-03:00" endTime="2011-06-15T23:08:56.1691717-03:00" testType="13cdc9d9-ddb5-4fa4-a97d-d965ccfc6d4b" outcome="Passed" testListId="8c84fa94-04c1-424b-9868-57a2d4851a1d" relativeResultsDirectory="d23077db-e34c-4e00-8c80-cfa61e30d95c">
    </UnitTestResult>
  </Results>
</TestRun>